configuration:

============ Checking for ffmpeg/libavcodec/allcodecs.c ============
Result is: found 
##########################################

============ Checking for ffmpeg/libavformat/allformats.c ============
Result is: found 
##########################################

============ Checking for ffmpeg/libavfilter/allfilters.c ============
Result is: found 
##########################################

============ Checking for cc version ============
Result is: 4.9.2 
##########################################



#if !(defined(__MINGW32__))
#error condition not true: defined(__MINGW32__)
#endif
int main(void) { return 0; }

cc    /tmp/mplayer-configure--22990/tmp.c      -o /tmp/mplayer-configure--22990/tmp  
/tmp/mplayer-configure--22990/tmp.c:3:2: error: #error condition not true: defined(__MINGW32__)
 #error condition not true: defined(__MINGW32__)
  ^


============ Checking for working compiler ============

int main(void) { return 0; }

cc    /tmp/mplayer-configure--22990/tmp.c      -o /tmp/mplayer-configure--22990/tmp  



int main(void) { return 0; }

cc    /tmp/mplayer-configure--22990/tmp.c      -o /tmp/mplayer-configure--22990/tmp -lm 



int main(void) {
    int test[(int)sizeof(char *)-7];
    return 0;
}

cc    /tmp/mplayer-configure--22990/tmp.c      -o /tmp/mplayer-configure--22990/tmp  -lm


============ Checking for cross compilation ============

int main(void) { return 0; }

cc    /tmp/mplayer-configure--22990/tmp.c      -o /tmp/mplayer-configure--22990/tmp  -lm


Result is: yes 
##########################################

============ Checking for host cc ============
Result is: cc 
##########################################

============ Checking for CPU vendor ============
Result is: GenuineIntel (6:26:5) 
##########################################

============ Checking for CPU type ============
Result is:  Intel(R) Xeon(R) CPU           W3540  @ 2.93GHz 
##########################################

============ Checking for kernel support of mmx ============

#include <stdlib.h>
#include <signal.h>
static void catch(int sig) { exit(1); }
int main(void) {
  signal(SIGILL, catch);
  __asm__ volatile ("emms":::"memory"); return 0;
}

cc    /tmp/mplayer-configure--22990/tmp.c      -o /tmp/mplayer-configure--22990/tmp  -lm


Result is: yes 
##########################################

============ Checking for kernel support of mmxext ============

#include <stdlib.h>
#include <signal.h>
static void catch(int sig) { exit(1); }
int main(void) {
  signal(SIGILL, catch);
  __asm__ volatile ("sfence":::"memory"); return 0;
}

cc    /tmp/mplayer-configure--22990/tmp.c      -o /tmp/mplayer-configure--22990/tmp  -lm


Result is: yes 
##########################################

============ Checking for kernel support of sse ============

#include <stdlib.h>
#include <signal.h>
static void catch(int sig) { exit(1); }
int main(void) {
  signal(SIGILL, catch);
  __asm__ volatile ("xorps %%xmm0, %%xmm0":::"memory"); return 0;
}

cc    /tmp/mplayer-configure--22990/tmp.c      -o /tmp/mplayer-configure--22990/tmp  -lm


Result is: yes 
##########################################

============ Checking for kernel support of sse2 ============

#include <stdlib.h>
#include <signal.h>
static void catch(int sig) { exit(1); }
int main(void) {
  signal(SIGILL, catch);
  __asm__ volatile ("xorpd %%xmm0, %%xmm0":::"memory"); return 0;
}

cc    /tmp/mplayer-configure--22990/tmp.c      -o /tmp/mplayer-configure--22990/tmp  -lm


Result is: yes 
##########################################

============ Checking for kernel support of sse3 ============

#include <stdlib.h>
#include <signal.h>
static void catch(int sig) { exit(1); }
int main(void) {
  signal(SIGILL, catch);
  __asm__ volatile ("addsubps %%xmm0, %%xmm0":::"memory"); return 0;
}

cc    /tmp/mplayer-configure--22990/tmp.c      -o /tmp/mplayer-configure--22990/tmp  -lm


Result is: yes 
##########################################

============ Checking for kernel support of ssse3 ============

#include <stdlib.h>
#include <signal.h>
static void catch(int sig) { exit(1); }
int main(void) {
  signal(SIGILL, catch);
  __asm__ volatile ("pabsd %%xmm0, %%xmm0":::"memory"); return 0;
}

cc    /tmp/mplayer-configure--22990/tmp.c      -o /tmp/mplayer-configure--22990/tmp  -lm


Result is: yes 
##########################################

============ Checking for kernel support of sse4_1 ============

#include <stdlib.h>
#include <signal.h>
static void catch(int sig) { exit(1); }
int main(void) {
  signal(SIGILL, catch);
  __asm__ volatile ("pmaxsb %%xmm0, %%xmm0":::"memory"); return 0;
}

cc    /tmp/mplayer-configure--22990/tmp.c      -o /tmp/mplayer-configure--22990/tmp  -lm


Result is: yes 
##########################################

============ Checking for kernel support of sse4_2 ============

#include <stdlib.h>
#include <signal.h>
static void catch(int sig) { exit(1); }
int main(void) {
  signal(SIGILL, catch);
  __asm__ volatile ("pcmpgtq %%xmm0, %%xmm0":::"memory"); return 0;
}

cc    /tmp/mplayer-configure--22990/tmp.c      -o /tmp/mplayer-configure--22990/tmp  -lm


Result is: yes 
##########################################

============ Checking for kernel support of cmov ============

#include <stdlib.h>
#include <signal.h>
static void catch(int sig) { exit(1); }
int main(void) {
  signal(SIGILL, catch);
  __asm__ volatile ("cmovb %%eax,  %%ebx":::"memory"); return 0;
}

cc    /tmp/mplayer-configure--22990/tmp.c      -o /tmp/mplayer-configure--22990/tmp  -lm


Result is: yes 
##########################################

============ Checking for mtrr support ============
Result is: yes 
##########################################

============ Checking for GCC & CPU optimization abilities ============

int main(void) { return 0; }

cc    /tmp/mplayer-configure--22990/tmp.c      -o /tmp/mplayer-configure--22990/tmp -march=native -lm


Result is: native 
##########################################

============ Checking for byte order ============

short ascii_name[] = {
  'M' << 8 | 'P', 'l' << 8 | 'a', 'y' << 8 | 'e', 'r' << 8 | 'B',
  'i' << 8 | 'g', 'E' << 8 | 'n', 'd' << 8 | 'i', 'a' << 8 | 'n', 0 };
int main(void) { return (long)ascii_name; }

cc    /tmp/mplayer-configure--22990/tmp.c      -o /tmp/mplayer-configure--22990/tmp  -lm


Result is: little-endian 
##########################################

============ Checking for extern symbol prefix ============

int ff_extern;

cc    /tmp/mplayer-configure--22990/tmp.c      -o /tmp/mplayer-configure--22990/tmp -c -lm


Result is:  
##########################################

============ Checking for assembler support of -pipe option ============

int main(void) { return 0; }

cc    /tmp/mplayer-configure--22990/tmp.c      -o /tmp/mplayer-configure--22990/tmp -pipe -I. -lm


Result is: yes 
##########################################


#include <features.h>
#if !(defined __GLIBC__)
#error condition not true: defined __GLIBC__
#endif
int main(void) { return 0; }

cc -Wall -Wno-switch -Wno-parentheses -Wpointer-arith -Wredundant-decls -Werror=format-security -Werror-implicit-function-declaration -D_ISOC99_SOURCE -I. -Iffmpeg -O4 -march=native -mtune=native -pipe -ffast-math -fomit-frame-pointer /tmp/mplayer-configure--22990/tmp.c    -ffast-math   -o /tmp/mplayer-configure--22990/tmp  -lm



int main(void) { return 0; }

cc -Wall -Wno-switch -Wno-parentheses -Wpointer-arith -Wredundant-decls -Werror=format-security -Werror-implicit-function-declaration -D_POSIX_C_SOURCE=200112 -D_XOPEN_SOURCE=600 -D_ISOC99_SOURCE -I. -Iffmpeg -O4 -march=native -mtune=native -pipe -ffast-math -fomit-frame-pointer /tmp/mplayer-configure--22990/tmp.c    -ffast-math   -o /tmp/mplayer-configure--22990/tmp -fno-tree-vectorize -lm



int main(void) { return 0; }

cc -Wall -Wno-switch -Wno-parentheses -Wpointer-arith -Wredundant-decls -Werror=format-security -Werror-implicit-function-declaration -D_POSIX_C_SOURCE=200112 -D_XOPEN_SOURCE=600 -D_ISOC99_SOURCE -I. -Iffmpeg -O4 -march=native -mtune=native -pipe -ffast-math -fomit-frame-pointer -fno-tree-vectorize /tmp/mplayer-configure--22990/tmp.c    -ffast-math   -o /tmp/mplayer-configure--22990/tmp -Wundef -lm



int main(void) { return 0; }

cc -Wundef -Wall -Wno-switch -Wno-parentheses -Wpointer-arith -Wredundant-decls -Werror=format-security -Werror-implicit-function-declaration -D_POSIX_C_SOURCE=200112 -D_XOPEN_SOURCE=600 -D_ISOC99_SOURCE -I. -Iffmpeg -O4 -march=native -mtune=native -pipe -ffast-math -fomit-frame-pointer -fno-tree-vectorize /tmp/mplayer-configure--22990/tmp.c    -ffast-math   -o /tmp/mplayer-configure--22990/tmp -std=gnu99 -lm



int main(void) { return 0; }

cc -Wundef -Wall -Wno-switch -Wno-parentheses -Wpointer-arith -Wredundant-decls -Werror=format-security -std=gnu99 -Werror-implicit-function-declaration -D_POSIX_C_SOURCE=200112 -D_XOPEN_SOURCE=600 -D_ISOC99_SOURCE -I. -Iffmpeg -O4 -march=native -mtune=native -pipe -ffast-math -fomit-frame-pointer -fno-tree-vectorize /tmp/mplayer-configure--22990/tmp.c    -ffast-math   -o /tmp/mplayer-configure--22990/tmp -Wdeclaration-after-statement -lm



int main(void) { return 0; }

cc -Wundef -Wall -Wno-switch -Wno-parentheses -Wpointer-arith -Wredundant-decls -Werror=format-security -Wdeclaration-after-statement -std=gnu99 -Werror-implicit-function-declaration -D_POSIX_C_SOURCE=200112 -D_XOPEN_SOURCE=600 -D_ISOC99_SOURCE -I. -Iffmpeg -O4 -march=native -mtune=native -pipe -ffast-math -fomit-frame-pointer -fno-tree-vectorize /tmp/mplayer-configure--22990/tmp.c    -ffast-math   -o /tmp/mplayer-configure--22990/tmp -Wno-pointer-sign -lm



int main(void) { return 0; }

cc -Wundef -Wall -Wno-switch -Wno-parentheses -Wpointer-arith -Wredundant-decls -Werror=format-security -Wno-pointer-sign -Wdeclaration-after-statement -std=gnu99 -Werror-implicit-function-declaration -D_POSIX_C_SOURCE=200112 -D_XOPEN_SOURCE=600 -D_ISOC99_SOURCE -I. -Iffmpeg -O4 -march=native -mtune=native -pipe -ffast-math -fomit-frame-pointer -fno-tree-vectorize /tmp/mplayer-configure--22990/tmp.c    -ffast-math   -o /tmp/mplayer-configure--22990/tmp -Wdisabled-optimization -lm



int main(void) { return 0; }

cc -Wundef -Wall -Wno-switch -Wno-parentheses -Wpointer-arith -Wredundant-decls -Werror=format-security -Wdisabled-optimization -Wno-pointer-sign -Wdeclaration-after-statement -std=gnu99 -Werror-implicit-function-declaration -D_POSIX_C_SOURCE=200112 -D_XOPEN_SOURCE=600 -D_ISOC99_SOURCE -I. -Iffmpeg -O4 -march=native -mtune=native -pipe -ffast-math -fomit-frame-pointer -fno-tree-vectorize /tmp/mplayer-configure--22990/tmp.c    -ffast-math   -o /tmp/mplayer-configure--22990/tmp -Wmissing-prototypes -lm



int main(void) { return 0; }

cc -Wundef -Wall -Wno-switch -Wno-parentheses -Wpointer-arith -Wredundant-decls -Werror=format-security -Wmissing-prototypes -Wdisabled-optimization -Wno-pointer-sign -Wdeclaration-after-statement -std=gnu99 -Werror-implicit-function-declaration -D_POSIX_C_SOURCE=200112 -D_XOPEN_SOURCE=600 -D_ISOC99_SOURCE -I. -Iffmpeg -O4 -march=native -mtune=native -pipe -ffast-math -fomit-frame-pointer -fno-tree-vectorize /tmp/mplayer-configure--22990/tmp.c    -ffast-math   -o /tmp/mplayer-configure--22990/tmp -Wstrict-prototypes -lm



int main(void) { return 0; }

cc -Wundef -Wall -Wno-switch -Wno-parentheses -Wpointer-arith -Wredundant-decls -Werror=format-security -Wstrict-prototypes -Wmissing-prototypes -Wdisabled-optimization -Wno-pointer-sign -Wdeclaration-after-statement -std=gnu99 -Werror-implicit-function-declaration -D_POSIX_C_SOURCE=200112 -D_XOPEN_SOURCE=600 -D_ISOC99_SOURCE -I. -Iffmpeg -O4 -march=native -mtune=native -pipe -ffast-math -fomit-frame-pointer -fno-tree-vectorize /tmp/mplayer-configure--22990/tmp.c    -ffast-math   -o /tmp/mplayer-configure--22990/tmp -mno-omit-leaf-frame-pointer -lm



int main(void) { return 0; }

cc -Wundef -Wall -Wno-switch -Wno-parentheses -Wpointer-arith -Wredundant-decls -Werror=format-security -Wstrict-prototypes -Wmissing-prototypes -Wdisabled-optimization -Wno-pointer-sign -Wdeclaration-after-statement -std=gnu99 -Werror-implicit-function-declaration -D_POSIX_C_SOURCE=200112 -D_XOPEN_SOURCE=600 -D_ISOC99_SOURCE -I. -Iffmpeg -O4 -march=native -mtune=native -pipe -ffast-math -fomit-frame-pointer -fno-tree-vectorize /tmp/mplayer-configure--22990/tmp.c    -ffast-math   -o /tmp/mplayer-configure--22990/tmp -MMD -MP -lm


============ Checking for relocatable binary ============

int main(void) { return 0; }

cc -Wundef -Wall -Wno-switch -Wno-parentheses -Wpointer-arith -Wredundant-decls -Werror=format-security -Wstrict-prototypes -Wmissing-prototypes -Wdisabled-optimization -Wno-pointer-sign -Wdeclaration-after-statement -std=gnu99 -Werror-implicit-function-declaration -D_POSIX_C_SOURCE=200112 -D_XOPEN_SOURCE=600 -D_ISOC99_SOURCE -I. -Iffmpeg -O4 -march=native -mtune=native -pipe -ffast-math -fomit-frame-pointer -fno-tree-vectorize /tmp/mplayer-configure--22990/tmp.c    -ffast-math   -o /tmp/mplayer-configure--22990/tmp -fpie -pie -lm
